2011.01.29 22:11 B C:\AppServ\www\web\spj_download\images\about\1.gif <-- spjexpress /domains/spjexpress.com/public_html/images/about 1.gif
2011.01.29 22:11 B C:\AppServ\www\web\spj_download\images\about\11.gif <-- spjexpress /domains/spjexpress.com/public_html/images/about 11.gif
2011.01.29 22:11 B C:\AppServ\www\web\spj_download\images\about\2.gif <-- spjexpress /domains/spjexpress.com/public_html/images/about 2.gif
2011.01.29 22:11 B C:\AppServ\www\web\spj_download\images\about\22.gif <-- spjexpress /domains/spjexpress.com/public_html/images/about 22.gif
2011.01.29 22:11 B C:\AppServ\www\web\spj_download\images\about\3.gif <-- spjexpress /domains/spjexpress.com/public_html/images/about 3.gif
2011.01.29 22:11 B C:\AppServ\www\web\spj_download\images\about\33.gif <-- spjexpress /domains/spjexpress.com/public_html/images/about 33.gif
2011.01.29 22:11 B C:\AppServ\www\web\spj_download\images\about\44.gif <-- spjexpress /domains/spjexpress.com/public_html/images/about 44.gif
2011.01.29 22:11 B C:\AppServ\www\web\spj_download\images\about\5.gif <-- spjexpress /domains/spjexpress.com/public_html/images/about 5.gif
2011.01.29 22:11 B C:\AppServ\www\web\spj_download\images\about\55.gif <-- spjexpress /domains/spjexpress.com/public_html/images/about 55.gif
2011.01.30 13:24 B C:\AppServ\www\web\spj_download\images\about\33.gif --> ftp.spjexpress.com /domains/spjexpress.com/public_html/images/about 33.gif
2011.01.30 13:24 B C:\AppServ\www\web\spj_download\images\about\55.gif --> ftp.spjexpress.com /domains/spjexpress.com/public_html/images/about 55.gif
2011.01.30 13:24 B C:\AppServ\www\web\spj_download\images\about\mocyc.jpg --> ftp.spjexpress.com /domains/spjexpress.com/public_html/images/about mocyc.jpg
2011.01.30 13:24 B C:\AppServ\www\web\spj_download\images\about\mocyc.png --> ftp.spjexpress.com /domains/spjexpress.com/public_html/images/about mocyc.png
2011.01.30 13:24 B C:\AppServ\www\web\spj_download\images\about\pon.png --> ftp.spjexpress.com /domains/spjexpress.com/public_html/images/about pon.png
2011.01.30 13:24 B C:\AppServ\www\web\spj_download\images\about\WS_FTP.LOG --> ftp.spjexpress.com /domains/spjexpress.com/public_html/images/about WS_FTP.LOG
2011.01.30 14:36 B C:\AppServ\www\web\spj_download\images\about\33.gif --> ftp.spjexpress.com /domains/spjexpress.com/public_html/images/about 33.gif
2011.01.30 14:36 B C:\AppServ\www\web\spj_download\images\about\55.gif --> ftp.spjexpress.com /domains/spjexpress.com/public_html/images/about 55.gif
2011.01.30 14:36 B C:\AppServ\www\web\spj_download\images\about\mocyc.jpg --> ftp.spjexpress.com /domains/spjexpress.com/public_html/images/about mocyc.jpg
2011.01.30 14:36 B C:\AppServ\www\web\spj_download\images\about\mocyc.png --> ftp.spjexpress.com /domains/spjexpress.com/public_html/images/about mocyc.png
2011.01.30 14:36 B C:\AppServ\www\web\spj_download\images\about\pon.png --> ftp.spjexpress.com /domains/spjexpress.com/public_html/images/about pon.png
2011.01.30 14:36 B C:\AppServ\www\web\spj_download\images\about\WS_FTP.LOG --> ftp.spjexpress.com /domains/spjexpress.com/public_html/images/about WS_FTP.LOG
2011.02.06 22:57 B C:\AppServ\www\web\spj_download\images\about\33.gif --> ftp.spjexpress.com /domains/spjexpress.com/public_html/images/about 33.gif
2011.02.06 22:57 B C:\AppServ\www\web\spj_download\images\about\55.gif --> ftp.spjexpress.com /domains/spjexpress.com/public_html/images/about 55.gif
2011.02.06 22:58 B C:\AppServ\www\web\spj_download\images\about\mocyc.jpg --> ftp.spjexpress.com /domains/spjexpress.com/public_html/images/about mocyc.jpg
2011.02.06 23:00 B C:\AppServ\www\web\spj_download\images\about\mocyc.png --> ftp.spjexpress.com /domains/spjexpress.com/public_html/images/about mocyc.png
2011.02.06 23:01 B C:\AppServ\www\web\spj_download\images\about\pon.png --> ftp.spjexpress.com /domains/spjexpress.com/public_html/images/about pon.png
2011.01.29 22:11 B C:\AppServ\www\web\spj_download\images\about\1.gif <-- spjexpress /domains/spjexpress.com/public_html/images/about 1.gif
2011.01.29 22:11 B C:\AppServ\www\web\spj_download\images\about\11.gif <-- spjexpress /domains/spjexpress.com/public_html/images/about 11.gif
2011.01.29 22:11 B C:\AppServ\www\web\spj_download\images\about\2.gif <-- spjexpress /domains/spjexpress.com/public_html/images/about 2.gif
2011.01.29 22:11 B C:\AppServ\www\web\spj_download\images\about\22.gif <-- spjexpress /domains/spjexpress.com/public_html/images/about 22.gif
2011.01.29 22:11 B C:\AppServ\www\web\spj_download\images\about\3.gif <-- spjexpress /domains/spjexpress.com/public_html/images/about 3.gif
2011.01.29 22:11 B C:\AppServ\www\web\spj_download\images\about\33.gif <-- spjexpress /domains/spjexpress.com/public_html/images/about 33.gif
2011.01.29 22:11 B C:\AppServ\www\web\spj_download\images\about\44.gif <-- spjexpress /domains/spjexpress.com/public_html/images/about 44.gif
2011.01.29 22:11 B C:\AppServ\www\web\spj_download\images\about\5.gif <-- spjexpress /domains/spjexpress.com/public_html/images/about 5.gif
2011.01.29 22:11 B C:\AppServ\www\web\spj_download\images\about\55.gif <-- spjexpress /domains/spjexpress.com/public_html/images/about 55.gif
2011.01.30 13:24 B C:\AppServ\www\web\spj_download\images\about\33.gif --> ftp.spjexpress.com /domains/spjexpress.com/public_html/images/about 33.gif
2011.01.30 13:24 B C:\AppServ\www\web\spj_download\images\about\55.gif --> ftp.spjexpress.com /domains/spjexpress.com/public_html/images/about 55.gif
2011.01.30 13:24 B C:\AppServ\www\web\spj_download\images\about\mocyc.jpg --> ftp.spjexpress.com /domains/spjexpress.com/public_html/images/about mocyc.jpg
2011.01.30 13:24 B C:\AppServ\www\web\spj_download\images\about\mocyc.png --> ftp.spjexpress.com /domains/spjexpress.com/public_html/images/about mocyc.png
2011.01.30 13:24 B C:\AppServ\www\web\spj_download\images\about\pon.png --> ftp.spjexpress.com /domains/spjexpress.com/public_html/images/about pon.png
2011.01.30 13:24 B C:\AppServ\www\web\spj_download\images\about\WS_FTP.LOG --> ftp.spjexpress.com /domains/spjexpress.com/public_html/images/about WS_FTP.LOG
2011.01.30 14:36 B C:\AppServ\www\web\spj_download\images\about\33.gif --> ftp.spjexpress.com /domains/spjexpress.com/public_html/images/about 33.gif
2011.01.30 14:36 B C:\AppServ\www\web\spj_download\images\about\55.gif --> ftp.spjexpress.com /domains/spjexpress.com/public_html/images/about 55.gif
2011.01.30 14:36 B C:\AppServ\www\web\spj_download\images\about\mocyc.jpg --> ftp.spjexpress.com /domains/spjexpress.com/public_html/images/about mocyc.jpg
2011.01.30 14:36 B C:\AppServ\www\web\spj_download\images\about\mocyc.png --> ftp.spjexpress.com /domains/spjexpress.com/public_html/images/about mocyc.png
2011.01.30 14:36 B C:\AppServ\www\web\spj_download\images\about\pon.png --> ftp.spjexpress.com /domains/spjexpress.com/public_html/images/about pon.png
2011.01.30 14:36 B C:\AppServ\www\web\spj_download\images\about\WS_FTP.LOG --> ftp.spjexpress.com /domains/spjexpress.com/public_html/images/about WS_FTP.LOG
2011.02.06 22:57 B C:\AppServ\www\web\spj_download\images\about\33.gif --> ftp.spjexpress.com /domains/spjexpress.com/public_html/images/about 33.gif
2011.02.06 22:57 B C:\AppServ\www\web\spj_download\images\about\55.gif --> ftp.spjexpress.com /domains/spjexpress.com/public_html/images/about 55.gif
2011.02.06 22:58 B C:\AppServ\www\web\spj_download\images\about\mocyc.jpg --> ftp.spjexpress.com /domains/spjexpress.com/public_html/images/about mocyc.jpg
2011.02.06 23:00 B C:\AppServ\www\web\spj_download\images\about\mocyc.png --> ftp.spjexpress.com /domains/spjexpress.com/public_html/images/about mocyc.png
2011.02.06 23:01 B C:\AppServ\www\web\spj_download\images\about\pon.png --> ftp.spjexpress.com /domains/spjexpress.com/public_html/images/about pon.png
2011.01.29 22:11 B C:\AppServ\www\web\spj_download\images\about\1.gif <-- spjexpress /domains/spjexpress.com/public_html/images/about 1.gif
2011.01.29 22:11 B C:\AppServ\www\web\spj_download\images\about\11.gif <-- spjexpress /domains/spjexpress.com/public_html/images/about 11.gif
2011.01.29 22:11 B C:\AppServ\www\web\spj_download\images\about\2.gif <-- spjexpress /domains/spjexpress.com/public_html/images/about 2.gif
2011.01.29 22:11 B C:\AppServ\www\web\spj_download\images\about\22.gif <-- spjexpress /domains/spjexpress.com/public_html/images/about 22.gif
2011.01.29 22:11 B C:\AppServ\www\web\spj_download\images\about\3.gif <-- spjexpress /domains/spjexpress.com/public_html/images/about 3.gif
2011.01.29 22:11 B C:\AppServ\www\web\spj_download\images\about\33.gif <-- spjexpress /domains/spjexpress.com/public_html/images/about 33.gif
2011.01.29 22:11 B C:\AppServ\www\web\spj_download\images\about\44.gif <-- spjexpress /domains/spjexpress.com/public_html/images/about 44.gif
2011.01.29 22:11 B C:\AppServ\www\web\spj_download\images\about\5.gif <-- spjexpress /domains/spjexpress.com/public_html/images/about 5.gif
2011.01.29 22:11 B C:\AppServ\www\web\spj_download\images\about\55.gif <-- spjexpress /domains/spjexpress.com/public_html/images/about 55.gif
2011.01.30 13:24 B C:\AppServ\www\web\spj_download\images\about\33.gif --> ftp.spjexpress.com /domains/spjexpress.com/public_html/images/about 33.gif
2011.01.30 13:24 B C:\AppServ\www\web\spj_download\images\about\55.gif --> ftp.spjexpress.com /domains/spjexpress.com/public_html/images/about 55.gif
2011.01.30 13:24 B C:\AppServ\www\web\spj_download\images\about\mocyc.jpg --> ftp.spjexpress.com /domains/spjexpress.com/public_html/images/about mocyc.jpg
2011.01.30 13:24 B C:\AppServ\www\web\spj_download\images\about\mocyc.png --> ftp.spjexpress.com /domains/spjexpress.com/public_html/images/about mocyc.png
2011.01.30 13:24 B C:\AppServ\www\web\spj_download\images\about\pon.png --> ftp.spjexpress.com /domains/spjexpress.com/public_html/images/about pon.png
2011.01.30 13:24 B C:\AppServ\www\web\spj_download\images\about\WS_FTP.LOG --> ftp.spjexpress.com /domains/spjexpress.com/public_html/images/about WS_FTP.LOG
2011.01.30 14:36 B C:\AppServ\www\web\spj_download\images\about\33.gif --> ftp.spjexpress.com /domains/spjexpress.com/public_html/images/about 33.gif
2011.01.30 14:36 B C:\AppServ\www\web\spj_download\images\about\55.gif --> ftp.spjexpress.com /domains/spjexpress.com/public_html/images/about 55.gif
2011.01.30 14:36 B C:\AppServ\www\web\spj_download\images\about\mocyc.jpg --> ftp.spjexpress.com /domains/spjexpress.com/public_html/images/about mocyc.jpg
2011.01.30 14:36 B C:\AppServ\www\web\spj_download\images\about\mocyc.png --> ftp.spjexpress.com /domains/spjexpress.com/public_html/images/about mocyc.png
2011.01.30 14:36 B C:\AppServ\www\web\spj_download\images\about\pon.png --> ftp.spjexpress.com /domains/spjexpress.com/public_html/images/about pon.png
2011.01.30 14:36 B C:\AppServ\www\web\spj_download\images\about\WS_FTP.LOG --> ftp.spjexpress.com /domains/spjexpress.com/public_html/images/about WS_FTP.LOG
2011.02.06 22:57 B C:\AppServ\www\web\spj_download\images\about\33.gif --> ftp.spjexpress.com /domains/spjexpress.com/public_html/images/about 33.gif
2011.02.06 22:57 B C:\AppServ\www\web\spj_download\images\about\55.gif --> ftp.spjexpress.com /domains/spjexpress.com/public_html/images/about 55.gif
2011.02.06 22:58 B C:\AppServ\www\web\spj_download\images\about\mocyc.jpg --> ftp.spjexpress.com /domains/spjexpress.com/public_html/images/about mocyc.jpg
2011.02.06 23:00 B C:\AppServ\www\web\spj_download\images\about\mocyc.png --> ftp.spjexpress.com /domains/spjexpress.com/public_html/images/about mocyc.png
2011.02.06 23:01 B C:\AppServ\www\web\spj_download\images\about\pon.png --> ftp.spjexpress.com /domains/spjexpress.com/public_html/images/about pon.png
