2009.04.04 23:42 B C:\AppServ\www\web\spjexpress\images\bar_bottom.gif --> ftp.spjexpress.com /domains/spjexpress.com/public_html/images bar_bottom.gif
2009.04.04 23:42 B C:\AppServ\www\web\spjexpress\images\bar_top.gif --> ftp.spjexpress.com /domains/spjexpress.com/public_html/images bar_top.gif
2009.04.04 23:42 B C:\AppServ\www\web\spjexpress\images\bar_ver.gif --> ftp.spjexpress.com /domains/spjexpress.com/public_html/images bar_ver.gif
2009.04.04 23:42 B C:\AppServ\www\web\spjexpress\images\bg.gif --> ftp.spjexpress.com /domains/spjexpress.com/public_html/images bg.gif
2009.04.04 23:42 B C:\AppServ\www\web\spjexpress\images\bg_all.gif --> ftp.spjexpress.com /domains/spjexpress.com/public_html/images bg_all.gif
2009.04.04 23:42 B C:\AppServ\www\web\spjexpress\images\line_dot.gif --> ftp.spjexpress.com /domains/spjexpress.com/public_html/images line_dot.gif
2009.04.04 23:42 B C:\AppServ\www\web\spjexpress\images\line_free.gif --> ftp.spjexpress.com /domains/spjexpress.com/public_html/images line_free.gif
2009.04.04 23:42 B C:\AppServ\www\web\spjexpress\images\menu.gif --> ftp.spjexpress.com /domains/spjexpress.com/public_html/images menu.gif
2009.04.04 23:42 B C:\AppServ\www\web\spjexpress\images\service_1.gif --> ftp.spjexpress.com /domains/spjexpress.com/public_html/images service_1.gif
2009.04.04 23:42 B C:\AppServ\www\web\spjexpress\images\service_2.gif --> ftp.spjexpress.com /domains/spjexpress.com/public_html/images service_2.gif
2009.04.04 23:42 B C:\AppServ\www\web\spjexpress\images\Thumbs.db --> ftp.spjexpress.com /domains/spjexpress.com/public_html/images Thumbs.db
2009.04.04 23:42 B C:\AppServ\www\web\spjexpress\images\top.gif --> ftp.spjexpress.com /domains/spjexpress.com/public_html/images top.gif
2009.04.05 00:07 B C:\AppServ\www\web\spjexpress\images\bar_bottom.gif --> ftp.spjexpress.com /domains/spjexpress.com/public_html/images bar_bottom.gif
2009.04.05 00:07 B C:\AppServ\www\web\spjexpress\images\bar_top.gif --> ftp.spjexpress.com /domains/spjexpress.com/public_html/images bar_top.gif
2009.04.05 00:07 B C:\AppServ\www\web\spjexpress\images\bar_ver.gif --> ftp.spjexpress.com /domains/spjexpress.com/public_html/images bar_ver.gif
2009.04.05 00:07 B C:\AppServ\www\web\spjexpress\images\bg.gif --> ftp.spjexpress.com /domains/spjexpress.com/public_html/images bg.gif
2009.04.05 00:07 B C:\AppServ\www\web\spjexpress\images\bg_all.gif --> ftp.spjexpress.com /domains/spjexpress.com/public_html/images bg_all.gif
2009.04.05 00:07 B C:\AppServ\www\web\spjexpress\images\menu.gif --> ftp.spjexpress.com /domains/spjexpress.com/public_html/images menu.gif
2009.04.05 00:07 B C:\AppServ\www\web\spjexpress\images\service_1.gif --> ftp.spjexpress.com /domains/spjexpress.com/public_html/images service_1.gif
2009.04.05 00:07 B C:\AppServ\www\web\spjexpress\images\service_2.gif --> ftp.spjexpress.com /domains/spjexpress.com/public_html/images service_2.gif
2009.04.05 00:07 B C:\AppServ\www\web\spjexpress\images\Thumbs.db --> ftp.spjexpress.com /domains/spjexpress.com/public_html/images Thumbs.db
2009.04.05 00:07 B C:\AppServ\www\web\spjexpress\images\top.gif --> ftp.spjexpress.com /domains/spjexpress.com/public_html/images top.gif
2009.04.05 00:07 B C:\AppServ\www\web\spjexpress\images\WS_FTP.LOG --> ftp.spjexpress.com /domains/spjexpress.com/public_html/images WS_FTP.LOG
2009.04.05 14:59 B C:\AppServ\www\web\spjexpress\images\bar_bottom.gif --> ftp.spjexpress.com /domains/spjexpress.com/public_html/images bar_bottom.gif
2009.04.05 14:59 B C:\AppServ\www\web\spjexpress\images\bar_top.gif --> ftp.spjexpress.com /domains/spjexpress.com/public_html/images bar_top.gif
2009.04.05 14:59 B C:\AppServ\www\web\spjexpress\images\bar_ver.gif --> ftp.spjexpress.com /domains/spjexpress.com/public_html/images bar_ver.gif
2009.04.05 14:59 B C:\AppServ\www\web\spjexpress\images\bg.gif --> ftp.spjexpress.com /domains/spjexpress.com/public_html/images bg.gif
2009.04.05 14:59 B C:\AppServ\www\web\spjexpress\images\bg_all.gif --> ftp.spjexpress.com /domains/spjexpress.com/public_html/images bg_all.gif
2009.04.05 14:59 B C:\AppServ\www\web\spjexpress\images\menu.gif --> ftp.spjexpress.com /domains/spjexpress.com/public_html/images menu.gif
2009.04.05 14:59 B C:\AppServ\www\web\spjexpress\images\send02.gif --> ftp.spjexpress.com /domains/spjexpress.com/public_html/images send02.gif
2009.04.05 14:59 B C:\AppServ\www\web\spjexpress\images\service_1.gif --> ftp.spjexpress.com /domains/spjexpress.com/public_html/images service_1.gif
2009.04.05 14:59 B C:\AppServ\www\web\spjexpress\images\service_2.gif --> ftp.spjexpress.com /domains/spjexpress.com/public_html/images service_2.gif
2009.04.05 14:59 B C:\AppServ\www\web\spjexpress\images\Thumbs.db --> ftp.spjexpress.com /domains/spjexpress.com/public_html/images Thumbs.db
2009.04.05 14:59 B C:\AppServ\www\web\spjexpress\images\top.gif --> ftp.spjexpress.com /domains/spjexpress.com/public_html/images top.gif
2009.04.05 14:59 B C:\AppServ\www\web\spjexpress\images\WS_FTP.LOG --> ftp.spjexpress.com /domains/spjexpress.com/public_html/images WS_FTP.LOG
2009.04.05 19:05 B C:\AppServ\www\web\spjexpress\images\about.gif --> ftp.spjexpress.com /domains/spjexpress.com/public_html/images about.gif
2009.04.05 19:05 B C:\AppServ\www\web\spjexpress\images\Thumbs.db --> ftp.spjexpress.com /domains/spjexpress.com/public_html/images Thumbs.db
2009.04.05 19:05 B C:\AppServ\www\web\spjexpress\images\WS_FTP.LOG --> ftp.spjexpress.com /domains/spjexpress.com/public_html/images WS_FTP.LOG
2009.04.05 19:49 B C:\AppServ\www\web\spjexpress\images\about.gif --> ftp.spjexpress.com /domains/spjexpress.com/public_html/images about.gif
2009.04.05 19:49 B C:\AppServ\www\web\spjexpress\images\bg.gif --> ftp.spjexpress.com /domains/spjexpress.com/public_html/images bg.gif
2009.04.05 19:49 B C:\AppServ\www\web\spjexpress\images\Thumbs.db --> ftp.spjexpress.com /domains/spjexpress.com/public_html/images Thumbs.db
2009.04.05 19:49 B C:\AppServ\www\web\spjexpress\images\WS_FTP.LOG --> ftp.spjexpress.com /domains/spjexpress.com/public_html/images WS_FTP.LOG
2009.04.05 19:55 B C:\AppServ\www\web\spjexpress\images\about.gif --> ftp.spjexpress.com /domains/spjexpress.com/public_html/images about.gif
2009.04.05 19:55 B C:\AppServ\www\web\spjexpress\images\bg.gif --> ftp.spjexpress.com /domains/spjexpress.com/public_html/images bg.gif
2009.04.05 19:55 B C:\AppServ\www\web\spjexpress\images\Thumbs.db --> ftp.spjexpress.com /domains/spjexpress.com/public_html/images Thumbs.db
2009.04.05 19:55 B C:\AppServ\www\web\spjexpress\images\WS_FTP.LOG --> ftp.spjexpress.com /domains/spjexpress.com/public_html/images WS_FTP.LOG
2009.04.05 20:05 B C:\AppServ\www\web\spjexpress\images\about.gif --> ftp.spjexpress.com /domains/spjexpress.com/public_html/images about.gif
2009.04.05 20:05 B C:\AppServ\www\web\spjexpress\images\bg.gif --> ftp.spjexpress.com /domains/spjexpress.com/public_html/images bg.gif
2009.04.05 20:05 B C:\AppServ\www\web\spjexpress\images\menu.gif --> ftp.spjexpress.com /domains/spjexpress.com/public_html/images menu.gif
2009.04.05 20:05 B C:\AppServ\www\web\spjexpress\images\menu_old.gif --> ftp.spjexpress.com /domains/spjexpress.com/public_html/images menu_old.gif
2009.04.05 20:05 B C:\AppServ\www\web\spjexpress\images\Thumbs.db --> ftp.spjexpress.com /domains/spjexpress.com/public_html/images Thumbs.db
2009.04.05 20:05 B C:\AppServ\www\web\spjexpress\images\WS_FTP.LOG --> ftp.spjexpress.com /domains/spjexpress.com/public_html/images WS_FTP.LOG
2009.04.05 20:08 B C:\AppServ\www\web\spjexpress\images\about.gif --> ftp.spjexpress.com /domains/spjexpress.com/public_html/images about.gif
2009.04.05 20:08 B C:\AppServ\www\web\spjexpress\images\bg.gif --> ftp.spjexpress.com /domains/spjexpress.com/public_html/images bg.gif
2009.04.05 20:08 B C:\AppServ\www\web\spjexpress\images\menu.gif --> ftp.spjexpress.com /domains/spjexpress.com/public_html/images menu.gif
2009.04.05 20:08 B C:\AppServ\www\web\spjexpress\images\menu_old.gif --> ftp.spjexpress.com /domains/spjexpress.com/public_html/images menu_old.gif
2009.04.05 20:08 B C:\AppServ\www\web\spjexpress\images\Thumbs.db --> ftp.spjexpress.com /domains/spjexpress.com/public_html/images Thumbs.db
2009.04.05 20:08 B C:\AppServ\www\web\spjexpress\images\WS_FTP.LOG --> ftp.spjexpress.com /domains/spjexpress.com/public_html/images WS_FTP.LOG
2009.04.05 20:14 B C:\AppServ\www\web\spjexpress\images\about.gif --> ftp.spjexpress.com /domains/spjexpress.com/public_html/images about.gif
2009.04.05 20:14 B C:\AppServ\www\web\spjexpress\images\bg.gif --> ftp.spjexpress.com /domains/spjexpress.com/public_html/images bg.gif
2009.04.05 20:14 B C:\AppServ\www\web\spjexpress\images\menu.gif --> ftp.spjexpress.com /domains/spjexpress.com/public_html/images menu.gif
2009.04.05 20:14 B C:\AppServ\www\web\spjexpress\images\menu_old.gif --> ftp.spjexpress.com /domains/spjexpress.com/public_html/images menu_old.gif
2009.04.05 20:14 B C:\AppServ\www\web\spjexpress\images\Thumbs.db --> ftp.spjexpress.com /domains/spjexpress.com/public_html/images Thumbs.db
2009.04.05 20:14 B C:\AppServ\www\web\spjexpress\images\WS_FTP.LOG --> ftp.spjexpress.com /domains/spjexpress.com/public_html/images WS_FTP.LOG
2009.04.05 20:47 B C:\AppServ\www\web\spjexpress\images\about.gif --> ftp.spjexpress.com /domains/spjexpress.com/public_html/images about.gif
2009.04.05 20:47 B C:\AppServ\www\web\spjexpress\images\bg.gif --> ftp.spjexpress.com /domains/spjexpress.com/public_html/images bg.gif
2009.04.05 20:47 B C:\AppServ\www\web\spjexpress\images\menu.gif --> ftp.spjexpress.com /domains/spjexpress.com/public_html/images menu.gif
2009.04.05 20:47 B C:\AppServ\www\web\spjexpress\images\menu_old.gif --> ftp.spjexpress.com /domains/spjexpress.com/public_html/images menu_old.gif
2009.04.05 20:47 B C:\AppServ\www\web\spjexpress\images\Thumbs.db --> ftp.spjexpress.com /domains/spjexpress.com/public_html/images Thumbs.db
2009.04.05 20:47 B C:\AppServ\www\web\spjexpress\images\WS_FTP.LOG --> ftp.spjexpress.com /domains/spjexpress.com/public_html/images WS_FTP.LOG
2009.04.27 23:19 B C:\AppServ\www\web\spjexpress\images\about.gif --> ftp.spjexpress.com /domains/spjexpress.com/public_html/images about.gif
2009.04.27 23:19 B C:\AppServ\www\web\spjexpress\images\bar_bottom.gif --> ftp.spjexpress.com /domains/spjexpress.com/public_html/images bar_bottom.gif
2009.04.27 23:19 B C:\AppServ\www\web\spjexpress\images\bar_top.gif --> ftp.spjexpress.com /domains/spjexpress.com/public_html/images bar_top.gif
2009.04.27 23:19 B C:\AppServ\www\web\spjexpress\images\bar_ver.gif --> ftp.spjexpress.com /domains/spjexpress.com/public_html/images bar_ver.gif
2009.04.27 23:19 B C:\AppServ\www\web\spjexpress\images\bg.gif --> ftp.spjexpress.com /domains/spjexpress.com/public_html/images bg.gif
2009.04.27 23:19 B C:\AppServ\www\web\spjexpress\images\bg_all.gif --> ftp.spjexpress.com /domains/spjexpress.com/public_html/images bg_all.gif
2009.04.27 23:19 B C:\AppServ\www\web\spjexpress\images\line_dot.gif --> ftp.spjexpress.com /domains/spjexpress.com/public_html/images line_dot.gif
2009.04.27 23:19 B C:\AppServ\www\web\spjexpress\images\line_free.gif --> ftp.spjexpress.com /domains/spjexpress.com/public_html/images line_free.gif
2009.04.27 23:19 B C:\AppServ\www\web\spjexpress\images\menu.gif --> ftp.spjexpress.com /domains/spjexpress.com/public_html/images menu.gif
2009.04.27 23:19 B C:\AppServ\www\web\spjexpress\images\menu_1.gif --> ftp.spjexpress.com /domains/spjexpress.com/public_html/images menu_1.gif
2009.04.27 23:20 B C:\AppServ\www\web\spjexpress\images\menu_old.gif --> ftp.spjexpress.com /domains/spjexpress.com/public_html/images menu_old.gif
2009.04.27 23:20 B C:\AppServ\www\web\spjexpress\images\pickup.jpg --> ftp.spjexpress.com /domains/spjexpress.com/public_html/images pickup.jpg
2009.04.27 23:21 B C:\AppServ\www\web\spjexpress\images\port.gif --> ftp.spjexpress.com /domains/spjexpress.com/public_html/images port.gif
2009.04.27 23:24 B C:\AppServ\www\web\spjexpress\images\port.jpg --> ftp.spjexpress.com /domains/spjexpress.com/public_html/images port.jpg
2009.04.27 23:24 B C:\AppServ\www\web\spjexpress\images\send02.gif --> ftp.spjexpress.com /domains/spjexpress.com/public_html/images send02.gif
2009.04.27 23:25 B C:\AppServ\www\web\spjexpress\images\service_1.gif --> ftp.spjexpress.com /domains/spjexpress.com/public_html/images service_1.gif
2009.04.27 23:25 B C:\AppServ\www\web\spjexpress\images\service_2.gif --> ftp.spjexpress.com /domains/spjexpress.com/public_html/images service_2.gif
2009.04.27 23:27 B C:\AppServ\www\web\spjexpress\images\Thumbs.db --> ftp.spjexpress.com /domains/spjexpress.com/public_html/images Thumbs.db
2009.04.27 23:27 B C:\AppServ\www\web\spjexpress\images\top.gif --> ftp.spjexpress.com /domains/spjexpress.com/public_html/images top.gif
2009.05.01 20:42 B C:\AppServ\www\web\spjexpress\images\motorcycle.jpg --> ftp.spjexpress.com /domains/spjexpress.com/public_html/images motorcycle.jpg
2009.05.02 22:20 B C:\AppServ\www\web\spjexpress\images\menu.gif --> ftp.spjexpress.com /domains/spjexpress.com/public_html/images menu.gif
2009.05.02 22:20 B C:\AppServ\www\web\spjexpress\images\menu_1.gif --> ftp.spjexpress.com /domains/spjexpress.com/public_html/images menu_1.gif
2009.05.02 22:20 B C:\AppServ\www\web\spjexpress\images\mo.gif --> ftp.spjexpress.com /domains/spjexpress.com/public_html/images mo.gif
2009.05.02 22:20 B C:\AppServ\www\web\spjexpress\images\motorcycle.jpg --> ftp.spjexpress.com /domains/spjexpress.com/public_html/images motorcycle.jpg
2009.05.02 22:20 B C:\AppServ\www\web\spjexpress\images\pickup.jpg --> ftp.spjexpress.com /domains/spjexpress.com/public_html/images pickup.jpg
2009.05.02 22:20 B C:\AppServ\www\web\spjexpress\images\port.gif --> ftp.spjexpress.com /domains/spjexpress.com/public_html/images port.gif
2009.05.02 22:20 B C:\AppServ\www\web\spjexpress\images\port.jpg --> ftp.spjexpress.com /domains/spjexpress.com/public_html/images port.jpg
2009.05.02 22:20 B C:\AppServ\www\web\spjexpress\images\Thumbs.db --> ftp.spjexpress.com /domains/spjexpress.com/public_html/images Thumbs.db
2011.01.29 22:11 B C:\AppServ\www\web\spj_download\images\WS_FTP.LOG <-- spjexpress /domains/spjexpress.com/public_html/images WS_FTP.LOG
2011.01.30 13:25 B C:\AppServ\www\web\spj_download\images\about.gif --> ftp.spjexpress.com /domains/spjexpress.com/public_html/images about.gif
2011.01.30 13:25 B C:\AppServ\www\web\spj_download\images\bar_bottom.gif --> ftp.spjexpress.com /domains/spjexpress.com/public_html/images bar_bottom.gif
2011.01.30 13:25 B C:\AppServ\www\web\spj_download\images\bar_top.gif --> ftp.spjexpress.com /domains/spjexpress.com/public_html/images bar_top.gif
2011.01.30 13:25 B C:\AppServ\www\web\spj_download\images\bar_ver.gif --> ftp.spjexpress.com /domains/spjexpress.com/public_html/images bar_ver.gif
2011.01.30 13:25 B C:\AppServ\www\web\spj_download\images\bg.gif --> ftp.spjexpress.com /domains/spjexpress.com/public_html/images bg.gif
2011.01.30 13:25 B C:\AppServ\www\web\spj_download\images\bg_all.gif --> ftp.spjexpress.com /domains/spjexpress.com/public_html/images bg_all.gif
2011.01.30 13:25 B C:\AppServ\www\web\spj_download\images\bg_index.gif --> ftp.spjexpress.com /domains/spjexpress.com/public_html/images bg_index.gif
2011.01.30 13:25 B C:\AppServ\www\web\spj_download\images\line_dot.gif --> ftp.spjexpress.com /domains/spjexpress.com/public_html/images line_dot.gif
2011.01.30 13:25 B C:\AppServ\www\web\spj_download\images\line_free.gif --> ftp.spjexpress.com /domains/spjexpress.com/public_html/images line_free.gif
2011.01.30 13:25 B C:\AppServ\www\web\spj_download\images\menu.gif --> ftp.spjexpress.com /domains/spjexpress.com/public_html/images menu.gif
2011.01.30 13:25 B C:\AppServ\www\web\spj_download\images\menu_1.gif --> ftp.spjexpress.com /domains/spjexpress.com/public_html/images menu_1.gif
2011.01.30 13:25 B C:\AppServ\www\web\spj_download\images\menu_old.gif --> ftp.spjexpress.com /domains/spjexpress.com/public_html/images menu_old.gif
2011.01.30 13:25 B C:\AppServ\www\web\spj_download\images\mo.gif --> ftp.spjexpress.com /domains/spjexpress.com/public_html/images mo.gif
2011.01.30 13:25 B C:\AppServ\www\web\spj_download\images\moto_new.gif --> ftp.spjexpress.com /domains/spjexpress.com/public_html/images moto_new.gif
2011.01.30 13:25 B C:\AppServ\www\web\spj_download\images\motorcycle.jpg --> ftp.spjexpress.com /domains/spjexpress.com/public_html/images motorcycle.jpg
2011.01.30 13:25 B C:\AppServ\www\web\spj_download\images\pickup.jpg --> ftp.spjexpress.com /domains/spjexpress.com/public_html/images pickup.jpg
2011.01.30 13:25 B C:\AppServ\www\web\spj_download\images\port.gif --> ftp.spjexpress.com /domains/spjexpress.com/public_html/images port.gif
2011.01.30 13:25 B C:\AppServ\www\web\spj_download\images\port.jpg --> ftp.spjexpress.com /domains/spjexpress.com/public_html/images port.jpg
2011.01.30 13:25 B C:\AppServ\www\web\spj_download\images\send02.gif --> ftp.spjexpress.com /domains/spjexpress.com/public_html/images send02.gif
2011.01.30 13:25 B C:\AppServ\www\web\spj_download\images\service_1.gif --> ftp.spjexpress.com /domains/spjexpress.com/public_html/images service_1.gif
2011.01.30 13:25 B C:\AppServ\www\web\spj_download\images\service_2.gif --> ftp.spjexpress.com /domains/spjexpress.com/public_html/images service_2.gif
2011.01.30 13:25 B C:\AppServ\www\web\spj_download\images\top.gif --> ftp.spjexpress.com /domains/spjexpress.com/public_html/images top.gif
2011.01.30 13:25 B C:\AppServ\www\web\spj_download\images\tuck_new.gif --> ftp.spjexpress.com /domains/spjexpress.com/public_html/images tuck_new.gif
2011.01.30 14:36 B C:\AppServ\www\web\spj_download\images\bg_all_index.png --> ftp.spjexpress.com /domains/spjexpress.com/public_html/images bg_all_index.png
2011.01.30 14:36 B C:\AppServ\www\web\spj_download\images\bg_left.png --> ftp.spjexpress.com /domains/spjexpress.com/public_html/images bg_left.png
2009.04.04 23:42 B C:\AppServ\www\web\spjexpress\images\bar_bottom.gif --> ftp.spjexpress.com /domains/spjexpress.com/public_html/images bar_bottom.gif
2009.04.04 23:42 B C:\AppServ\www\web\spjexpress\images\bar_top.gif --> ftp.spjexpress.com /domains/spjexpress.com/public_html/images bar_top.gif
2009.04.04 23:42 B C:\AppServ\www\web\spjexpress\images\bar_ver.gif --> ftp.spjexpress.com /domains/spjexpress.com/public_html/images bar_ver.gif
2009.04.04 23:42 B C:\AppServ\www\web\spjexpress\images\bg.gif --> ftp.spjexpress.com /domains/spjexpress.com/public_html/images bg.gif
2009.04.04 23:42 B C:\AppServ\www\web\spjexpress\images\bg_all.gif --> ftp.spjexpress.com /domains/spjexpress.com/public_html/images bg_all.gif
2009.04.04 23:42 B C:\AppServ\www\web\spjexpress\images\line_dot.gif --> ftp.spjexpress.com /domains/spjexpress.com/public_html/images line_dot.gif
2009.04.04 23:42 B C:\AppServ\www\web\spjexpress\images\line_free.gif --> ftp.spjexpress.com /domains/spjexpress.com/public_html/images line_free.gif
2009.04.04 23:42 B C:\AppServ\www\web\spjexpress\images\menu.gif --> ftp.spjexpress.com /domains/spjexpress.com/public_html/images menu.gif
2009.04.04 23:42 B C:\AppServ\www\web\spjexpress\images\service_1.gif --> ftp.spjexpress.com /domains/spjexpress.com/public_html/images service_1.gif
2009.04.04 23:42 B C:\AppServ\www\web\spjexpress\images\service_2.gif --> ftp.spjexpress.com /domains/spjexpress.com/public_html/images service_2.gif
2009.04.04 23:42 B C:\AppServ\www\web\spjexpress\images\Thumbs.db --> ftp.spjexpress.com /domains/spjexpress.com/public_html/images Thumbs.db
2009.04.04 23:42 B C:\AppServ\www\web\spjexpress\images\top.gif --> ftp.spjexpress.com /domains/spjexpress.com/public_html/images top.gif
2009.04.05 00:07 B C:\AppServ\www\web\spjexpress\images\bar_bottom.gif --> ftp.spjexpress.com /domains/spjexpress.com/public_html/images bar_bottom.gif
2009.04.05 00:07 B C:\AppServ\www\web\spjexpress\images\bar_top.gif --> ftp.spjexpress.com /domains/spjexpress.com/public_html/images bar_top.gif
2009.04.05 00:07 B C:\AppServ\www\web\spjexpress\images\bar_ver.gif --> ftp.spjexpress.com /domains/spjexpress.com/public_html/images bar_ver.gif
2009.04.05 00:07 B C:\AppServ\www\web\spjexpress\images\bg.gif --> ftp.spjexpress.com /domains/spjexpress.com/public_html/images bg.gif
2009.04.05 00:07 B C:\AppServ\www\web\spjexpress\images\bg_all.gif --> ftp.spjexpress.com /domains/spjexpress.com/public_html/images bg_all.gif
2009.04.05 00:07 B C:\AppServ\www\web\spjexpress\images\menu.gif --> ftp.spjexpress.com /domains/spjexpress.com/public_html/images menu.gif
2009.04.05 00:07 B C:\AppServ\www\web\spjexpress\images\service_1.gif --> ftp.spjexpress.com /domains/spjexpress.com/public_html/images service_1.gif
2009.04.05 00:07 B C:\AppServ\www\web\spjexpress\images\service_2.gif --> ftp.spjexpress.com /domains/spjexpress.com/public_html/images service_2.gif
2009.04.05 00:07 B C:\AppServ\www\web\spjexpress\images\Thumbs.db --> ftp.spjexpress.com /domains/spjexpress.com/public_html/images Thumbs.db
2009.04.05 00:07 B C:\AppServ\www\web\spjexpress\images\top.gif --> ftp.spjexpress.com /domains/spjexpress.com/public_html/images top.gif
2009.04.05 00:07 B C:\AppServ\www\web\spjexpress\images\WS_FTP.LOG --> ftp.spjexpress.com /domains/spjexpress.com/public_html/images WS_FTP.LOG
2009.04.05 14:59 B C:\AppServ\www\web\spjexpress\images\bar_bottom.gif --> ftp.spjexpress.com /domains/spjexpress.com/public_html/images bar_bottom.gif
2009.04.05 14:59 B C:\AppServ\www\web\spjexpress\images\bar_top.gif --> ftp.spjexpress.com /domains/spjexpress.com/public_html/images bar_top.gif
2009.04.05 14:59 B C:\AppServ\www\web\spjexpress\images\bar_ver.gif --> ftp.spjexpress.com /domains/spjexpress.com/public_html/images bar_ver.gif
2009.04.05 14:59 B C:\AppServ\www\web\spjexpress\images\bg.gif --> ftp.spjexpress.com /domains/spjexpress.com/public_html/images bg.gif
2009.04.05 14:59 B C:\AppServ\www\web\spjexpress\images\bg_all.gif --> ftp.spjexpress.com /domains/spjexpress.com/public_html/images bg_all.gif
2009.04.05 14:59 B C:\AppServ\www\web\spjexpress\images\menu.gif --> ftp.spjexpress.com /domains/spjexpress.com/public_html/images menu.gif
2009.04.05 14:59 B C:\AppServ\www\web\spjexpress\images\send02.gif --> ftp.spjexpress.com /domains/spjexpress.com/public_html/images send02.gif
2009.04.05 14:59 B C:\AppServ\www\web\spjexpress\images\service_1.gif --> ftp.spjexpress.com /domains/spjexpress.com/public_html/images service_1.gif
2009.04.05 14:59 B C:\AppServ\www\web\spjexpress\images\service_2.gif --> ftp.spjexpress.com /domains/spjexpress.com/public_html/images service_2.gif
2009.04.05 14:59 B C:\AppServ\www\web\spjexpress\images\Thumbs.db --> ftp.spjexpress.com /domains/spjexpress.com/public_html/images Thumbs.db
2009.04.05 14:59 B C:\AppServ\www\web\spjexpress\images\top.gif --> ftp.spjexpress.com /domains/spjexpress.com/public_html/images top.gif
2009.04.05 14:59 B C:\AppServ\www\web\spjexpress\images\WS_FTP.LOG --> ftp.spjexpress.com /domains/spjexpress.com/public_html/images WS_FTP.LOG
2009.04.05 19:05 B C:\AppServ\www\web\spjexpress\images\about.gif --> ftp.spjexpress.com /domains/spjexpress.com/public_html/images about.gif
2009.04.05 19:05 B C:\AppServ\www\web\spjexpress\images\Thumbs.db --> ftp.spjexpress.com /domains/spjexpress.com/public_html/images Thumbs.db
2009.04.05 19:05 B C:\AppServ\www\web\spjexpress\images\WS_FTP.LOG --> ftp.spjexpress.com /domains/spjexpress.com/public_html/images WS_FTP.LOG
2009.04.05 19:49 B C:\AppServ\www\web\spjexpress\images\about.gif --> ftp.spjexpress.com /domains/spjexpress.com/public_html/images about.gif
2009.04.05 19:49 B C:\AppServ\www\web\spjexpress\images\bg.gif --> ftp.spjexpress.com /domains/spjexpress.com/public_html/images bg.gif
2009.04.05 19:49 B C:\AppServ\www\web\spjexpress\images\Thumbs.db --> ftp.spjexpress.com /domains/spjexpress.com/public_html/images Thumbs.db
2009.04.05 19:49 B C:\AppServ\www\web\spjexpress\images\WS_FTP.LOG --> ftp.spjexpress.com /domains/spjexpress.com/public_html/images WS_FTP.LOG
2009.04.05 19:55 B C:\AppServ\www\web\spjexpress\images\about.gif --> ftp.spjexpress.com /domains/spjexpress.com/public_html/images about.gif
2009.04.05 19:55 B C:\AppServ\www\web\spjexpress\images\bg.gif --> ftp.spjexpress.com /domains/spjexpress.com/public_html/images bg.gif
2009.04.05 19:55 B C:\AppServ\www\web\spjexpress\images\Thumbs.db --> ftp.spjexpress.com /domains/spjexpress.com/public_html/images Thumbs.db
2009.04.05 19:55 B C:\AppServ\www\web\spjexpress\images\WS_FTP.LOG --> ftp.spjexpress.com /domains/spjexpress.com/public_html/images WS_FTP.LOG
2009.04.05 20:05 B C:\AppServ\www\web\spjexpress\images\about.gif --> ftp.spjexpress.com /domains/spjexpress.com/public_html/images about.gif
2009.04.05 20:05 B C:\AppServ\www\web\spjexpress\images\bg.gif --> ftp.spjexpress.com /domains/spjexpress.com/public_html/images bg.gif
2009.04.05 20:05 B C:\AppServ\www\web\spjexpress\images\menu.gif --> ftp.spjexpress.com /domains/spjexpress.com/public_html/images menu.gif
2009.04.05 20:05 B C:\AppServ\www\web\spjexpress\images\menu_old.gif --> ftp.spjexpress.com /domains/spjexpress.com/public_html/images menu_old.gif
2009.04.05 20:05 B C:\AppServ\www\web\spjexpress\images\Thumbs.db --> ftp.spjexpress.com /domains/spjexpress.com/public_html/images Thumbs.db
2009.04.05 20:05 B C:\AppServ\www\web\spjexpress\images\WS_FTP.LOG --> ftp.spjexpress.com /domains/spjexpress.com/public_html/images WS_FTP.LOG
2009.04.05 20:08 B C:\AppServ\www\web\spjexpress\images\about.gif --> ftp.spjexpress.com /domains/spjexpress.com/public_html/images about.gif
2009.04.05 20:08 B C:\AppServ\www\web\spjexpress\images\bg.gif --> ftp.spjexpress.com /domains/spjexpress.com/public_html/images bg.gif
2009.04.05 20:08 B C:\AppServ\www\web\spjexpress\images\menu.gif --> ftp.spjexpress.com /domains/spjexpress.com/public_html/images menu.gif
2009.04.05 20:08 B C:\AppServ\www\web\spjexpress\images\menu_old.gif --> ftp.spjexpress.com /domains/spjexpress.com/public_html/images menu_old.gif
2009.04.05 20:08 B C:\AppServ\www\web\spjexpress\images\Thumbs.db --> ftp.spjexpress.com /domains/spjexpress.com/public_html/images Thumbs.db
2009.04.05 20:08 B C:\AppServ\www\web\spjexpress\images\WS_FTP.LOG --> ftp.spjexpress.com /domains/spjexpress.com/public_html/images WS_FTP.LOG
2009.04.05 20:14 B C:\AppServ\www\web\spjexpress\images\about.gif --> ftp.spjexpress.com /domains/spjexpress.com/public_html/images about.gif
2009.04.05 20:14 B C:\AppServ\www\web\spjexpress\images\bg.gif --> ftp.spjexpress.com /domains/spjexpress.com/public_html/images bg.gif
2009.04.05 20:14 B C:\AppServ\www\web\spjexpress\images\menu.gif --> ftp.spjexpress.com /domains/spjexpress.com/public_html/images menu.gif
2009.04.05 20:14 B C:\AppServ\www\web\spjexpress\images\menu_old.gif --> ftp.spjexpress.com /domains/spjexpress.com/public_html/images menu_old.gif
2009.04.05 20:14 B C:\AppServ\www\web\spjexpress\images\Thumbs.db --> ftp.spjexpress.com /domains/spjexpress.com/public_html/images Thumbs.db
2009.04.05 20:14 B C:\AppServ\www\web\spjexpress\images\WS_FTP.LOG --> ftp.spjexpress.com /domains/spjexpress.com/public_html/images WS_FTP.LOG
2009.04.05 20:47 B C:\AppServ\www\web\spjexpress\images\about.gif --> ftp.spjexpress.com /domains/spjexpress.com/public_html/images about.gif
2009.04.05 20:47 B C:\AppServ\www\web\spjexpress\images\bg.gif --> ftp.spjexpress.com /domains/spjexpress.com/public_html/images bg.gif
2009.04.05 20:47 B C:\AppServ\www\web\spjexpress\images\menu.gif --> ftp.spjexpress.com /domains/spjexpress.com/public_html/images menu.gif
2009.04.05 20:47 B C:\AppServ\www\web\spjexpress\images\menu_old.gif --> ftp.spjexpress.com /domains/spjexpress.com/public_html/images menu_old.gif
2009.04.05 20:47 B C:\AppServ\www\web\spjexpress\images\Thumbs.db --> ftp.spjexpress.com /domains/spjexpress.com/public_html/images Thumbs.db
2009.04.05 20:47 B C:\AppServ\www\web\spjexpress\images\WS_FTP.LOG --> ftp.spjexpress.com /domains/spjexpress.com/public_html/images WS_FTP.LOG
2009.04.27 23:19 B C:\AppServ\www\web\spjexpress\images\about.gif --> ftp.spjexpress.com /domains/spjexpress.com/public_html/images about.gif
2009.04.27 23:19 B C:\AppServ\www\web\spjexpress\images\bar_bottom.gif --> ftp.spjexpress.com /domains/spjexpress.com/public_html/images bar_bottom.gif
2009.04.27 23:19 B C:\AppServ\www\web\spjexpress\images\bar_top.gif --> ftp.spjexpress.com /domains/spjexpress.com/public_html/images bar_top.gif
2009.04.27 23:19 B C:\AppServ\www\web\spjexpress\images\bar_ver.gif --> ftp.spjexpress.com /domains/spjexpress.com/public_html/images bar_ver.gif
2009.04.27 23:19 B C:\AppServ\www\web\spjexpress\images\bg.gif --> ftp.spjexpress.com /domains/spjexpress.com/public_html/images bg.gif
2009.04.27 23:19 B C:\AppServ\www\web\spjexpress\images\bg_all.gif --> ftp.spjexpress.com /domains/spjexpress.com/public_html/images bg_all.gif
2009.04.27 23:19 B C:\AppServ\www\web\spjexpress\images\line_dot.gif --> ftp.spjexpress.com /domains/spjexpress.com/public_html/images line_dot.gif
2009.04.27 23:19 B C:\AppServ\www\web\spjexpress\images\line_free.gif --> ftp.spjexpress.com /domains/spjexpress.com/public_html/images line_free.gif
2009.04.27 23:19 B C:\AppServ\www\web\spjexpress\images\menu.gif --> ftp.spjexpress.com /domains/spjexpress.com/public_html/images menu.gif
2009.04.27 23:19 B C:\AppServ\www\web\spjexpress\images\menu_1.gif --> ftp.spjexpress.com /domains/spjexpress.com/public_html/images menu_1.gif
2009.04.27 23:20 B C:\AppServ\www\web\spjexpress\images\menu_old.gif --> ftp.spjexpress.com /domains/spjexpress.com/public_html/images menu_old.gif
2009.04.27 23:20 B C:\AppServ\www\web\spjexpress\images\pickup.jpg --> ftp.spjexpress.com /domains/spjexpress.com/public_html/images pickup.jpg
2009.04.27 23:21 B C:\AppServ\www\web\spjexpress\images\port.gif --> ftp.spjexpress.com /domains/spjexpress.com/public_html/images port.gif
2009.04.27 23:24 B C:\AppServ\www\web\spjexpress\images\port.jpg --> ftp.spjexpress.com /domains/spjexpress.com/public_html/images port.jpg
2009.04.27 23:24 B C:\AppServ\www\web\spjexpress\images\send02.gif --> ftp.spjexpress.com /domains/spjexpress.com/public_html/images send02.gif
2009.04.27 23:25 B C:\AppServ\www\web\spjexpress\images\service_1.gif --> ftp.spjexpress.com /domains/spjexpress.com/public_html/images service_1.gif
2009.04.27 23:25 B C:\AppServ\www\web\spjexpress\images\service_2.gif --> ftp.spjexpress.com /domains/spjexpress.com/public_html/images service_2.gif
2009.04.27 23:27 B C:\AppServ\www\web\spjexpress\images\Thumbs.db --> ftp.spjexpress.com /domains/spjexpress.com/public_html/images Thumbs.db
2009.04.27 23:27 B C:\AppServ\www\web\spjexpress\images\top.gif --> ftp.spjexpress.com /domains/spjexpress.com/public_html/images top.gif
2009.05.01 20:42 B C:\AppServ\www\web\spjexpress\images\motorcycle.jpg --> ftp.spjexpress.com /domains/spjexpress.com/public_html/images motorcycle.jpg
2009.05.02 22:20 B C:\AppServ\www\web\spjexpress\images\menu.gif --> ftp.spjexpress.com /domains/spjexpress.com/public_html/images menu.gif
2009.05.02 22:20 B C:\AppServ\www\web\spjexpress\images\menu_1.gif --> ftp.spjexpress.com /domains/spjexpress.com/public_html/images menu_1.gif
2009.05.02 22:20 B C:\AppServ\www\web\spjexpress\images\mo.gif --> ftp.spjexpress.com /domains/spjexpress.com/public_html/images mo.gif
2009.05.02 22:20 B C:\AppServ\www\web\spjexpress\images\motorcycle.jpg --> ftp.spjexpress.com /domains/spjexpress.com/public_html/images motorcycle.jpg
2009.05.02 22:20 B C:\AppServ\www\web\spjexpress\images\pickup.jpg --> ftp.spjexpress.com /domains/spjexpress.com/public_html/images pickup.jpg
2009.05.02 22:20 B C:\AppServ\www\web\spjexpress\images\port.gif --> ftp.spjexpress.com /domains/spjexpress.com/public_html/images port.gif
2009.05.02 22:20 B C:\AppServ\www\web\spjexpress\images\port.jpg --> ftp.spjexpress.com /domains/spjexpress.com/public_html/images port.jpg
2009.05.02 22:20 B C:\AppServ\www\web\spjexpress\images\Thumbs.db --> ftp.spjexpress.com /domains/spjexpress.com/public_html/images Thumbs.db
2011.01.29 22:11 B C:\AppServ\www\web\spj_download\images\WS_FTP.LOG <-- spjexpress /domains/spjexpress.com/public_html/images WS_FTP.LOG
2011.01.30 13:25 B C:\AppServ\www\web\spj_download\images\about.gif --> ftp.spjexpress.com /domains/spjexpress.com/public_html/images about.gif
2011.01.30 13:25 B C:\AppServ\www\web\spj_download\images\bar_bottom.gif --> ftp.spjexpress.com /domains/spjexpress.com/public_html/images bar_bottom.gif
2011.01.30 13:25 B C:\AppServ\www\web\spj_download\images\bar_top.gif --> ftp.spjexpress.com /domains/spjexpress.com/public_html/images bar_top.gif
2011.01.30 13:25 B C:\AppServ\www\web\spj_download\images\bar_ver.gif --> ftp.spjexpress.com /domains/spjexpress.com/public_html/images bar_ver.gif
2011.01.30 13:25 B C:\AppServ\www\web\spj_download\images\bg.gif --> ftp.spjexpress.com /domains/spjexpress.com/public_html/images bg.gif
2011.01.30 13:25 B C:\AppServ\www\web\spj_download\images\bg_all.gif --> ftp.spjexpress.com /domains/spjexpress.com/public_html/images bg_all.gif
2011.01.30 13:25 B C:\AppServ\www\web\spj_download\images\bg_index.gif --> ftp.spjexpress.com /domains/spjexpress.com/public_html/images bg_index.gif
2011.01.30 13:25 B C:\AppServ\www\web\spj_download\images\line_dot.gif --> ftp.spjexpress.com /domains/spjexpress.com/public_html/images line_dot.gif
2011.01.30 13:25 B C:\AppServ\www\web\spj_download\images\line_free.gif --> ftp.spjexpress.com /domains/spjexpress.com/public_html/images line_free.gif
2011.01.30 13:25 B C:\AppServ\www\web\spj_download\images\menu.gif --> ftp.spjexpress.com /domains/spjexpress.com/public_html/images menu.gif
2011.01.30 13:25 B C:\AppServ\www\web\spj_download\images\menu_1.gif --> ftp.spjexpress.com /domains/spjexpress.com/public_html/images menu_1.gif
2011.01.30 13:25 B C:\AppServ\www\web\spj_download\images\menu_old.gif --> ftp.spjexpress.com /domains/spjexpress.com/public_html/images menu_old.gif
2011.01.30 13:25 B C:\AppServ\www\web\spj_download\images\mo.gif --> ftp.spjexpress.com /domains/spjexpress.com/public_html/images mo.gif
2011.01.30 13:25 B C:\AppServ\www\web\spj_download\images\moto_new.gif --> ftp.spjexpress.com /domains/spjexpress.com/public_html/images moto_new.gif
2011.01.30 13:25 B C:\AppServ\www\web\spj_download\images\motorcycle.jpg --> ftp.spjexpress.com /domains/spjexpress.com/public_html/images motorcycle.jpg
2011.01.30 13:25 B C:\AppServ\www\web\spj_download\images\pickup.jpg --> ftp.spjexpress.com /domains/spjexpress.com/public_html/images pickup.jpg
2011.01.30 13:25 B C:\AppServ\www\web\spj_download\images\port.gif --> ftp.spjexpress.com /domains/spjexpress.com/public_html/images port.gif
2011.01.30 13:25 B C:\AppServ\www\web\spj_download\images\port.jpg --> ftp.spjexpress.com /domains/spjexpress.com/public_html/images port.jpg
2011.01.30 13:25 B C:\AppServ\www\web\spj_download\images\send02.gif --> ftp.spjexpress.com /domains/spjexpress.com/public_html/images send02.gif
2011.01.30 13:25 B C:\AppServ\www\web\spj_download\images\service_1.gif --> ftp.spjexpress.com /domains/spjexpress.com/public_html/images service_1.gif
2011.01.30 13:25 B C:\AppServ\www\web\spj_download\images\service_2.gif --> ftp.spjexpress.com /domains/spjexpress.com/public_html/images service_2.gif
2011.01.30 13:25 B C:\AppServ\www\web\spj_download\images\top.gif --> ftp.spjexpress.com /domains/spjexpress.com/public_html/images top.gif
2011.01.30 13:25 B C:\AppServ\www\web\spj_download\images\tuck_new.gif --> ftp.spjexpress.com /domains/spjexpress.com/public_html/images tuck_new.gif
2011.01.30 14:36 B C:\AppServ\www\web\spj_download\images\bg_all_index.png --> ftp.spjexpress.com /domains/spjexpress.com/public_html/images bg_all_index.png
2011.01.30 14:36 B C:\AppServ\www\web\spj_download\images\bg_left.png --> ftp.spjexpress.com /domains/spjexpress.com/public_html/images bg_left.png
2009.04.04 23:42 B C:\AppServ\www\web\spjexpress\images\bar_bottom.gif --> ftp.spjexpress.com /domains/spjexpress.com/public_html/images bar_bottom.gif
2009.04.04 23:42 B C:\AppServ\www\web\spjexpress\images\bar_top.gif --> ftp.spjexpress.com /domains/spjexpress.com/public_html/images bar_top.gif
2009.04.04 23:42 B C:\AppServ\www\web\spjexpress\images\bar_ver.gif --> ftp.spjexpress.com /domains/spjexpress.com/public_html/images bar_ver.gif
2009.04.04 23:42 B C:\AppServ\www\web\spjexpress\images\bg.gif --> ftp.spjexpress.com /domains/spjexpress.com/public_html/images bg.gif
2009.04.04 23:42 B C:\AppServ\www\web\spjexpress\images\bg_all.gif --> ftp.spjexpress.com /domains/spjexpress.com/public_html/images bg_all.gif
2009.04.04 23:42 B C:\AppServ\www\web\spjexpress\images\line_dot.gif --> ftp.spjexpress.com /domains/spjexpress.com/public_html/images line_dot.gif
2009.04.04 23:42 B C:\AppServ\www\web\spjexpress\images\line_free.gif --> ftp.spjexpress.com /domains/spjexpress.com/public_html/images line_free.gif
2009.04.04 23:42 B C:\AppServ\www\web\spjexpress\images\menu.gif --> ftp.spjexpress.com /domains/spjexpress.com/public_html/images menu.gif
2009.04.04 23:42 B C:\AppServ\www\web\spjexpress\images\service_1.gif --> ftp.spjexpress.com /domains/spjexpress.com/public_html/images service_1.gif
2009.04.04 23:42 B C:\AppServ\www\web\spjexpress\images\service_2.gif --> ftp.spjexpress.com /domains/spjexpress.com/public_html/images service_2.gif
2009.04.04 23:42 B C:\AppServ\www\web\spjexpress\images\Thumbs.db --> ftp.spjexpress.com /domains/spjexpress.com/public_html/images Thumbs.db
2009.04.04 23:42 B C:\AppServ\www\web\spjexpress\images\top.gif --> ftp.spjexpress.com /domains/spjexpress.com/public_html/images top.gif
2009.04.05 00:07 B C:\AppServ\www\web\spjexpress\images\bar_bottom.gif --> ftp.spjexpress.com /domains/spjexpress.com/public_html/images bar_bottom.gif
2009.04.05 00:07 B C:\AppServ\www\web\spjexpress\images\bar_top.gif --> ftp.spjexpress.com /domains/spjexpress.com/public_html/images bar_top.gif
2009.04.05 00:07 B C:\AppServ\www\web\spjexpress\images\bar_ver.gif --> ftp.spjexpress.com /domains/spjexpress.com/public_html/images bar_ver.gif
2009.04.05 00:07 B C:\AppServ\www\web\spjexpress\images\bg.gif --> ftp.spjexpress.com /domains/spjexpress.com/public_html/images bg.gif
2009.04.05 00:07 B C:\AppServ\www\web\spjexpress\images\bg_all.gif --> ftp.spjexpress.com /domains/spjexpress.com/public_html/images bg_all.gif
2009.04.05 00:07 B C:\AppServ\www\web\spjexpress\images\menu.gif --> ftp.spjexpress.com /domains/spjexpress.com/public_html/images menu.gif
2009.04.05 00:07 B C:\AppServ\www\web\spjexpress\images\service_1.gif --> ftp.spjexpress.com /domains/spjexpress.com/public_html/images service_1.gif
2009.04.05 00:07 B C:\AppServ\www\web\spjexpress\images\service_2.gif --> ftp.spjexpress.com /domains/spjexpress.com/public_html/images service_2.gif
2009.04.05 00:07 B C:\AppServ\www\web\spjexpress\images\Thumbs.db --> ftp.spjexpress.com /domains/spjexpress.com/public_html/images Thumbs.db
2009.04.05 00:07 B C:\AppServ\www\web\spjexpress\images\top.gif --> ftp.spjexpress.com /domains/spjexpress.com/public_html/images top.gif
2009.04.05 00:07 B C:\AppServ\www\web\spjexpress\images\WS_FTP.LOG --> ftp.spjexpress.com /domains/spjexpress.com/public_html/images WS_FTP.LOG
2009.04.05 14:59 B C:\AppServ\www\web\spjexpress\images\bar_bottom.gif --> ftp.spjexpress.com /domains/spjexpress.com/public_html/images bar_bottom.gif
2009.04.05 14:59 B C:\AppServ\www\web\spjexpress\images\bar_top.gif --> ftp.spjexpress.com /domains/spjexpress.com/public_html/images bar_top.gif
2009.04.05 14:59 B C:\AppServ\www\web\spjexpress\images\bar_ver.gif --> ftp.spjexpress.com /domains/spjexpress.com/public_html/images bar_ver.gif
2009.04.05 14:59 B C:\AppServ\www\web\spjexpress\images\bg.gif --> ftp.spjexpress.com /domains/spjexpress.com/public_html/images bg.gif
2009.04.05 14:59 B C:\AppServ\www\web\spjexpress\images\bg_all.gif --> ftp.spjexpress.com /domains/spjexpress.com/public_html/images bg_all.gif
2009.04.05 14:59 B C:\AppServ\www\web\spjexpress\images\menu.gif --> ftp.spjexpress.com /domains/spjexpress.com/public_html/images menu.gif
2009.04.05 14:59 B C:\AppServ\www\web\spjexpress\images\send02.gif --> ftp.spjexpress.com /domains/spjexpress.com/public_html/images send02.gif
2009.04.05 14:59 B C:\AppServ\www\web\spjexpress\images\service_1.gif --> ftp.spjexpress.com /domains/spjexpress.com/public_html/images service_1.gif
2009.04.05 14:59 B C:\AppServ\www\web\spjexpress\images\service_2.gif --> ftp.spjexpress.com /domains/spjexpress.com/public_html/images service_2.gif
2009.04.05 14:59 B C:\AppServ\www\web\spjexpress\images\Thumbs.db --> ftp.spjexpress.com /domains/spjexpress.com/public_html/images Thumbs.db
2009.04.05 14:59 B C:\AppServ\www\web\spjexpress\images\top.gif --> ftp.spjexpress.com /domains/spjexpress.com/public_html/images top.gif
2009.04.05 14:59 B C:\AppServ\www\web\spjexpress\images\WS_FTP.LOG --> ftp.spjexpress.com /domains/spjexpress.com/public_html/images WS_FTP.LOG
2009.04.05 19:05 B C:\AppServ\www\web\spjexpress\images\about.gif --> ftp.spjexpress.com /domains/spjexpress.com/public_html/images about.gif
2009.04.05 19:05 B C:\AppServ\www\web\spjexpress\images\Thumbs.db --> ftp.spjexpress.com /domains/spjexpress.com/public_html/images Thumbs.db
2009.04.05 19:05 B C:\AppServ\www\web\spjexpress\images\WS_FTP.LOG --> ftp.spjexpress.com /domains/spjexpress.com/public_html/images WS_FTP.LOG
2009.04.05 19:49 B C:\AppServ\www\web\spjexpress\images\about.gif --> ftp.spjexpress.com /domains/spjexpress.com/public_html/images about.gif
2009.04.05 19:49 B C:\AppServ\www\web\spjexpress\images\bg.gif --> ftp.spjexpress.com /domains/spjexpress.com/public_html/images bg.gif
2009.04.05 19:49 B C:\AppServ\www\web\spjexpress\images\Thumbs.db --> ftp.spjexpress.com /domains/spjexpress.com/public_html/images Thumbs.db
2009.04.05 19:49 B C:\AppServ\www\web\spjexpress\images\WS_FTP.LOG --> ftp.spjexpress.com /domains/spjexpress.com/public_html/images WS_FTP.LOG
2009.04.05 19:55 B C:\AppServ\www\web\spjexpress\images\about.gif --> ftp.spjexpress.com /domains/spjexpress.com/public_html/images about.gif
2009.04.05 19:55 B C:\AppServ\www\web\spjexpress\images\bg.gif --> ftp.spjexpress.com /domains/spjexpress.com/public_html/images bg.gif
2009.04.05 19:55 B C:\AppServ\www\web\spjexpress\images\Thumbs.db --> ftp.spjexpress.com /domains/spjexpress.com/public_html/images Thumbs.db
2009.04.05 19:55 B C:\AppServ\www\web\spjexpress\images\WS_FTP.LOG --> ftp.spjexpress.com /domains/spjexpress.com/public_html/images WS_FTP.LOG
2009.04.05 20:05 B C:\AppServ\www\web\spjexpress\images\about.gif --> ftp.spjexpress.com /domains/spjexpress.com/public_html/images about.gif
2009.04.05 20:05 B C:\AppServ\www\web\spjexpress\images\bg.gif --> ftp.spjexpress.com /domains/spjexpress.com/public_html/images bg.gif
2009.04.05 20:05 B C:\AppServ\www\web\spjexpress\images\menu.gif --> ftp.spjexpress.com /domains/spjexpress.com/public_html/images menu.gif
2009.04.05 20:05 B C:\AppServ\www\web\spjexpress\images\menu_old.gif --> ftp.spjexpress.com /domains/spjexpress.com/public_html/images menu_old.gif
2009.04.05 20:05 B C:\AppServ\www\web\spjexpress\images\Thumbs.db --> ftp.spjexpress.com /domains/spjexpress.com/public_html/images Thumbs.db
2009.04.05 20:05 B C:\AppServ\www\web\spjexpress\images\WS_FTP.LOG --> ftp.spjexpress.com /domains/spjexpress.com/public_html/images WS_FTP.LOG
2009.04.05 20:08 B C:\AppServ\www\web\spjexpress\images\about.gif --> ftp.spjexpress.com /domains/spjexpress.com/public_html/images about.gif
2009.04.05 20:08 B C:\AppServ\www\web\spjexpress\images\bg.gif --> ftp.spjexpress.com /domains/spjexpress.com/public_html/images bg.gif
2009.04.05 20:08 B C:\AppServ\www\web\spjexpress\images\menu.gif --> ftp.spjexpress.com /domains/spjexpress.com/public_html/images menu.gif
2009.04.05 20:08 B C:\AppServ\www\web\spjexpress\images\menu_old.gif --> ftp.spjexpress.com /domains/spjexpress.com/public_html/images menu_old.gif
2009.04.05 20:08 B C:\AppServ\www\web\spjexpress\images\Thumbs.db --> ftp.spjexpress.com /domains/spjexpress.com/public_html/images Thumbs.db
2009.04.05 20:08 B C:\AppServ\www\web\spjexpress\images\WS_FTP.LOG --> ftp.spjexpress.com /domains/spjexpress.com/public_html/images WS_FTP.LOG
2009.04.05 20:14 B C:\AppServ\www\web\spjexpress\images\about.gif --> ftp.spjexpress.com /domains/spjexpress.com/public_html/images about.gif
2009.04.05 20:14 B C:\AppServ\www\web\spjexpress\images\bg.gif --> ftp.spjexpress.com /domains/spjexpress.com/public_html/images bg.gif
2009.04.05 20:14 B C:\AppServ\www\web\spjexpress\images\menu.gif --> ftp.spjexpress.com /domains/spjexpress.com/public_html/images menu.gif
2009.04.05 20:14 B C:\AppServ\www\web\spjexpress\images\menu_old.gif --> ftp.spjexpress.com /domains/spjexpress.com/public_html/images menu_old.gif
2009.04.05 20:14 B C:\AppServ\www\web\spjexpress\images\Thumbs.db --> ftp.spjexpress.com /domains/spjexpress.com/public_html/images Thumbs.db
2009.04.05 20:14 B C:\AppServ\www\web\spjexpress\images\WS_FTP.LOG --> ftp.spjexpress.com /domains/spjexpress.com/public_html/images WS_FTP.LOG
2009.04.05 20:47 B C:\AppServ\www\web\spjexpress\images\about.gif --> ftp.spjexpress.com /domains/spjexpress.com/public_html/images about.gif
2009.04.05 20:47 B C:\AppServ\www\web\spjexpress\images\bg.gif --> ftp.spjexpress.com /domains/spjexpress.com/public_html/images bg.gif
2009.04.05 20:47 B C:\AppServ\www\web\spjexpress\images\menu.gif --> ftp.spjexpress.com /domains/spjexpress.com/public_html/images menu.gif
2009.04.05 20:47 B C:\AppServ\www\web\spjexpress\images\menu_old.gif --> ftp.spjexpress.com /domains/spjexpress.com/public_html/images menu_old.gif
2009.04.05 20:47 B C:\AppServ\www\web\spjexpress\images\Thumbs.db --> ftp.spjexpress.com /domains/spjexpress.com/public_html/images Thumbs.db
2009.04.05 20:47 B C:\AppServ\www\web\spjexpress\images\WS_FTP.LOG --> ftp.spjexpress.com /domains/spjexpress.com/public_html/images WS_FTP.LOG
2009.04.27 23:19 B C:\AppServ\www\web\spjexpress\images\about.gif --> ftp.spjexpress.com /domains/spjexpress.com/public_html/images about.gif
2009.04.27 23:19 B C:\AppServ\www\web\spjexpress\images\bar_bottom.gif --> ftp.spjexpress.com /domains/spjexpress.com/public_html/images bar_bottom.gif
2009.04.27 23:19 B C:\AppServ\www\web\spjexpress\images\bar_top.gif --> ftp.spjexpress.com /domains/spjexpress.com/public_html/images bar_top.gif
2009.04.27 23:19 B C:\AppServ\www\web\spjexpress\images\bar_ver.gif --> ftp.spjexpress.com /domains/spjexpress.com/public_html/images bar_ver.gif
2009.04.27 23:19 B C:\AppServ\www\web\spjexpress\images\bg.gif --> ftp.spjexpress.com /domains/spjexpress.com/public_html/images bg.gif
2009.04.27 23:19 B C:\AppServ\www\web\spjexpress\images\bg_all.gif --> ftp.spjexpress.com /domains/spjexpress.com/public_html/images bg_all.gif
2009.04.27 23:19 B C:\AppServ\www\web\spjexpress\images\line_dot.gif --> ftp.spjexpress.com /domains/spjexpress.com/public_html/images line_dot.gif
2009.04.27 23:19 B C:\AppServ\www\web\spjexpress\images\line_free.gif --> ftp.spjexpress.com /domains/spjexpress.com/public_html/images line_free.gif
2009.04.27 23:19 B C:\AppServ\www\web\spjexpress\images\menu.gif --> ftp.spjexpress.com /domains/spjexpress.com/public_html/images menu.gif
2009.04.27 23:19 B C:\AppServ\www\web\spjexpress\images\menu_1.gif --> ftp.spjexpress.com /domains/spjexpress.com/public_html/images menu_1.gif
2009.04.27 23:20 B C:\AppServ\www\web\spjexpress\images\menu_old.gif --> ftp.spjexpress.com /domains/spjexpress.com/public_html/images menu_old.gif
2009.04.27 23:20 B C:\AppServ\www\web\spjexpress\images\pickup.jpg --> ftp.spjexpress.com /domains/spjexpress.com/public_html/images pickup.jpg
2009.04.27 23:21 B C:\AppServ\www\web\spjexpress\images\port.gif --> ftp.spjexpress.com /domains/spjexpress.com/public_html/images port.gif
2009.04.27 23:24 B C:\AppServ\www\web\spjexpress\images\port.jpg --> ftp.spjexpress.com /domains/spjexpress.com/public_html/images port.jpg
2009.04.27 23:24 B C:\AppServ\www\web\spjexpress\images\send02.gif --> ftp.spjexpress.com /domains/spjexpress.com/public_html/images send02.gif
2009.04.27 23:25 B C:\AppServ\www\web\spjexpress\images\service_1.gif --> ftp.spjexpress.com /domains/spjexpress.com/public_html/images service_1.gif
2009.04.27 23:25 B C:\AppServ\www\web\spjexpress\images\service_2.gif --> ftp.spjexpress.com /domains/spjexpress.com/public_html/images service_2.gif
2009.04.27 23:27 B C:\AppServ\www\web\spjexpress\images\Thumbs.db --> ftp.spjexpress.com /domains/spjexpress.com/public_html/images Thumbs.db
2009.04.27 23:27 B C:\AppServ\www\web\spjexpress\images\top.gif --> ftp.spjexpress.com /domains/spjexpress.com/public_html/images top.gif
2009.05.01 20:42 B C:\AppServ\www\web\spjexpress\images\motorcycle.jpg --> ftp.spjexpress.com /domains/spjexpress.com/public_html/images motorcycle.jpg
2009.05.02 22:20 B C:\AppServ\www\web\spjexpress\images\menu.gif --> ftp.spjexpress.com /domains/spjexpress.com/public_html/images menu.gif
2009.05.02 22:20 B C:\AppServ\www\web\spjexpress\images\menu_1.gif --> ftp.spjexpress.com /domains/spjexpress.com/public_html/images menu_1.gif
2009.05.02 22:20 B C:\AppServ\www\web\spjexpress\images\mo.gif --> ftp.spjexpress.com /domains/spjexpress.com/public_html/images mo.gif
2009.05.02 22:20 B C:\AppServ\www\web\spjexpress\images\motorcycle.jpg --> ftp.spjexpress.com /domains/spjexpress.com/public_html/images motorcycle.jpg
2009.05.02 22:20 B C:\AppServ\www\web\spjexpress\images\pickup.jpg --> ftp.spjexpress.com /domains/spjexpress.com/public_html/images pickup.jpg
2009.05.02 22:20 B C:\AppServ\www\web\spjexpress\images\port.gif --> ftp.spjexpress.com /domains/spjexpress.com/public_html/images port.gif
2009.05.02 22:20 B C:\AppServ\www\web\spjexpress\images\port.jpg --> ftp.spjexpress.com /domains/spjexpress.com/public_html/images port.jpg
2009.05.02 22:20 B C:\AppServ\www\web\spjexpress\images\Thumbs.db --> ftp.spjexpress.com /domains/spjexpress.com/public_html/images Thumbs.db
2011.01.29 22:11 B C:\AppServ\www\web\spj_download\images\WS_FTP.LOG <-- spjexpress /domains/spjexpress.com/public_html/images WS_FTP.LOG
2011.01.30 13:25 B C:\AppServ\www\web\spj_download\images\about.gif --> ftp.spjexpress.com /domains/spjexpress.com/public_html/images about.gif
2011.01.30 13:25 B C:\AppServ\www\web\spj_download\images\bar_bottom.gif --> ftp.spjexpress.com /domains/spjexpress.com/public_html/images bar_bottom.gif
2011.01.30 13:25 B C:\AppServ\www\web\spj_download\images\bar_top.gif --> ftp.spjexpress.com /domains/spjexpress.com/public_html/images bar_top.gif
2011.01.30 13:25 B C:\AppServ\www\web\spj_download\images\bar_ver.gif --> ftp.spjexpress.com /domains/spjexpress.com/public_html/images bar_ver.gif
2011.01.30 13:25 B C:\AppServ\www\web\spj_download\images\bg.gif --> ftp.spjexpress.com /domains/spjexpress.com/public_html/images bg.gif
2011.01.30 13:25 B C:\AppServ\www\web\spj_download\images\bg_all.gif --> ftp.spjexpress.com /domains/spjexpress.com/public_html/images bg_all.gif
2011.01.30 13:25 B C:\AppServ\www\web\spj_download\images\bg_index.gif --> ftp.spjexpress.com /domains/spjexpress.com/public_html/images bg_index.gif
2011.01.30 13:25 B C:\AppServ\www\web\spj_download\images\line_dot.gif --> ftp.spjexpress.com /domains/spjexpress.com/public_html/images line_dot.gif
2011.01.30 13:25 B C:\AppServ\www\web\spj_download\images\line_free.gif --> ftp.spjexpress.com /domains/spjexpress.com/public_html/images line_free.gif
2011.01.30 13:25 B C:\AppServ\www\web\spj_download\images\menu.gif --> ftp.spjexpress.com /domains/spjexpress.com/public_html/images menu.gif
2011.01.30 13:25 B C:\AppServ\www\web\spj_download\images\menu_1.gif --> ftp.spjexpress.com /domains/spjexpress.com/public_html/images menu_1.gif
2011.01.30 13:25 B C:\AppServ\www\web\spj_download\images\menu_old.gif --> ftp.spjexpress.com /domains/spjexpress.com/public_html/images menu_old.gif
2011.01.30 13:25 B C:\AppServ\www\web\spj_download\images\mo.gif --> ftp.spjexpress.com /domains/spjexpress.com/public_html/images mo.gif
2011.01.30 13:25 B C:\AppServ\www\web\spj_download\images\moto_new.gif --> ftp.spjexpress.com /domains/spjexpress.com/public_html/images moto_new.gif
2011.01.30 13:25 B C:\AppServ\www\web\spj_download\images\motorcycle.jpg --> ftp.spjexpress.com /domains/spjexpress.com/public_html/images motorcycle.jpg
2011.01.30 13:25 B C:\AppServ\www\web\spj_download\images\pickup.jpg --> ftp.spjexpress.com /domains/spjexpress.com/public_html/images pickup.jpg
2011.01.30 13:25 B C:\AppServ\www\web\spj_download\images\port.gif --> ftp.spjexpress.com /domains/spjexpress.com/public_html/images port.gif
2011.01.30 13:25 B C:\AppServ\www\web\spj_download\images\port.jpg --> ftp.spjexpress.com /domains/spjexpress.com/public_html/images port.jpg
2011.01.30 13:25 B C:\AppServ\www\web\spj_download\images\send02.gif --> ftp.spjexpress.com /domains/spjexpress.com/public_html/images send02.gif
2011.01.30 13:25 B C:\AppServ\www\web\spj_download\images\service_1.gif --> ftp.spjexpress.com /domains/spjexpress.com/public_html/images service_1.gif
2011.01.30 13:25 B C:\AppServ\www\web\spj_download\images\service_2.gif --> ftp.spjexpress.com /domains/spjexpress.com/public_html/images service_2.gif
2011.01.30 13:25 B C:\AppServ\www\web\spj_download\images\top.gif --> ftp.spjexpress.com /domains/spjexpress.com/public_html/images top.gif
2011.01.30 13:25 B C:\AppServ\www\web\spj_download\images\tuck_new.gif --> ftp.spjexpress.com /domains/spjexpress.com/public_html/images tuck_new.gif
2011.01.30 14:36 B C:\AppServ\www\web\spj_download\images\bg_all_index.png --> ftp.spjexpress.com /domains/spjexpress.com/public_html/images bg_all_index.png
2011.01.30 14:36 B C:\AppServ\www\web\spj_download\images\bg_left.png --> ftp.spjexpress.com /domains/spjexpress.com/public_html/images bg_left.png
